<Event xmlns='http://schemas.microsoft.com/win/2004/08/events/event'><System><Provider Name='Microsoft-Windows-Security-Auditing' Guid='{54849625-5478-4994-A5BA-3E3B0328C30D}'/><EventID>4732</EventID><Version>0</Version><Level>0</Level><Task>13826</Task><Opcode>0</Opcode><Keywords>0x8020000000000000</Keywords><TimeCreated SystemTime='2024-02-01T21:10:53.355293900Z'/><EventRecordID>390956</EventRecordID><Correlation/><Execution ProcessID='600' ThreadID='752'/><Channel>Security</Channel><Computer>ar-win-dc.attackrange.local</Computer><Security/></System><EventData><Data Name='MemberName'>-</Data><Data Name='MemberSid'>ATTACKRANGE\test</Data><Data Name='TargetUserName'>Administrators</Data><Data Name='TargetDomainName'>Builtin</Data><Data Name='TargetSid'>BUILTIN\Administrators</Data><Data Name='SubjectUserSid'>ATTACKRANGE\Administrator</Data><Data Name='SubjectUserName'>Administrator</Data><Data Name='SubjectDomainName'>ATTACKRANGE</Data><Data Name='SubjectLogonId'>0x4cd7d</Data><Data Name='PrivilegeList'>-</Data></EventData></Event>
<Event xmlns='http://schemas.microsoft.com/win/2004/08/events/event'><System><Provider Name='Microsoft-Windows-Security-Auditing' Guid='{54849625-5478-4994-A5BA-3E3B0328C30D}'/><EventID>4720</EventID><Version>0</Version><Level>0</Level><Task>13824</Task><Opcode>0</Opcode><Keywords>0x8020000000000000</Keywords><TimeCreated SystemTime='2024-02-01T21:10:07.358932000Z'/><EventRecordID>390948</EventRecordID><Correlation/><Execution ProcessID='600' ThreadID='792'/><Channel>Security</Channel><Computer>ar-win-dc.attackrange.local</Computer><Security/></System><EventData><Data Name='TargetUserName'>test</Data><Data Name='TargetDomainName'>ATTACKRANGE</Data><Data Name='TargetSid'>ATTACKRANGE\test</Data><Data Name='SubjectUserSid'>ATTACKRANGE\Administrator</Data><Data Name='SubjectUserName'>Administrator</Data><Data Name='SubjectDomainName'>ATTACKRANGE</Data><Data Name='SubjectLogonId'>0x4cd7d</Data><Data Name='PrivilegeList'>-</Data><Data Name='SamAccountName'>test</Data><Data Name='DisplayName'>%%1793</Data><Data Name='UserPrincipalName'>-</Data><Data Name='HomeDirectory'>%%1793</Data><Data Name='HomePath'>%%1793</Data><Data Name='ScriptPath'>%%1793</Data><Data Name='ProfilePath'>%%1793</Data><Data Name='UserWorkstations'>%%1793</Data><Data Name='PasswordLastSet'>%%1794</Data><Data Name='AccountExpires'>%%1794</Data><Data Name='PrimaryGroupId'>513</Data><Data Name='AllowedToDelegateTo'>-</Data><Data Name='OldUacValue'>0x0</Data><Data Name='NewUacValue'>0x15</Data><Data Name='UserAccountControl'>
		%%2080
		%%2082
		%%2084</Data><Data Name='UserParameters'>%%1792</Data><Data Name='SidHistory'>-</Data><Data Name='LogonHours'>%%1793</Data></EventData></Event>
<Event xmlns='http://schemas.microsoft.com/win/2004/08/events/event'><System><Provider Name='Microsoft-Windows-Security-Auditing' Guid='{54849625-5478-4994-A5BA-3E3B0328C30D}'/><EventID>4732</EventID><Version>0</Version><Level>0</Level><Task>13826</Task><Opcode>0</Opcode><Keywords>0x8020000000000000</Keywords><TimeCreated SystemTime='2024-02-01T20:45:32.168093700Z'/><EventRecordID>384619</EventRecordID><Correlation ActivityID='{320F3C43-554E-0000-543C-0F324E55DA01}'/><Execution ProcessID='584' ThreadID='632'/><Channel>Security</Channel><Computer>ar-win-2</Computer><Security/></System><EventData><Data Name='MemberName'>-</Data><Data Name='MemberSid'>ATTACKRANGE\Domain Admins</Data><Data Name='TargetUserName'>Administrators</Data><Data Name='TargetDomainName'>Builtin</Data><Data Name='TargetSid'>BUILTIN\Administrators</Data><Data Name='SubjectUserSid'>AR-WIN-2\Administrator</Data><Data Name='SubjectUserName'>Administrator</Data><Data Name='SubjectDomainName'>AR-WIN-2</Data><Data Name='SubjectLogonId'>0x3c693</Data><Data Name='PrivilegeList'>-</Data></EventData></Event>
<Event xmlns='http://schemas.microsoft.com/win/2004/08/events/event'><System><Provider Name='Microsoft-Windows-Security-Auditing' Guid='{54849625-5478-4994-A5BA-3E3B0328C30D}'/><EventID>4732</EventID><Version>0</Version><Level>0</Level><Task>13826</Task><Opcode>0</Opcode><Keywords>0x8020000000000000</Keywords><TimeCreated SystemTime='2024-02-01T20:39:52.373792100Z'/><EventRecordID>384943</EventRecordID><Correlation/><Execution ProcessID='596' ThreadID='600'/><Channel>Security</Channel><Computer>ar-win-dc.attackrange.local</Computer><Security/></System><EventData><Data Name='MemberName'>-</Data><Data Name='MemberSid'>ATTACKRANGE\Domain Admins</Data><Data Name='TargetUserName'>Administrators</Data><Data Name='TargetDomainName'>Builtin</Data><Data Name='TargetSid'>BUILTIN\Administrators</Data><Data Name='SubjectUserSid'>NT AUTHORITY\ANONYMOUS LOGON</Data><Data Name='SubjectUserName'>ANONYMOUS LOGON</Data><Data Name='SubjectDomainName'>NT AUTHORITY</Data><Data Name='SubjectLogonId'>0x3e6</Data><Data Name='PrivilegeList'>-</Data></EventData></Event>
<Event xmlns='http://schemas.microsoft.com/win/2004/08/events/event'><System><Provider Name='Microsoft-Windows-Security-Auditing' Guid='{54849625-5478-4994-A5BA-3E3B0328C30D}'/><EventID>4720</EventID><Version>0</Version><Level>0</Level><Task>13824</Task><Opcode>0</Opcode><Keywords>0x8020000000000000</Keywords><TimeCreated SystemTime='2024-02-01T20:39:52.221126400Z'/><EventRecordID>384907</EventRecordID><Correlation/><Execution ProcessID='596' ThreadID='600'/><Channel>Security</Channel><Computer>ar-win-dc.attackrange.local</Computer><Security/></System><EventData><Data Name='TargetUserName'>krbtgt</Data><Data Name='TargetDomainName'>ATTACKRANGE</Data><Data Name='TargetSid'>ATTACKRANGE\krbtgt</Data><Data Name='SubjectUserSid'>NT AUTHORITY\ANONYMOUS LOGON</Data><Data Name='SubjectUserName'>ANONYMOUS LOGON</Data><Data Name='SubjectDomainName'>NT AUTHORITY</Data><Data Name='SubjectLogonId'>0x3e6</Data><Data Name='PrivilegeList'>-</Data><Data Name='SamAccountName'>krbtgt</Data><Data Name='DisplayName'>%%1793</Data><Data Name='UserPrincipalName'>-</Data><Data Name='HomeDirectory'>%%1793</Data><Data Name='HomePath'>%%1793</Data><Data Name='ScriptPath'>%%1793</Data><Data Name='ProfilePath'>%%1793</Data><Data Name='UserWorkstations'>%%1793</Data><Data Name='PasswordLastSet'>%%1794</Data><Data Name='AccountExpires'>%%1794</Data><Data Name='PrimaryGroupId'>513</Data><Data Name='AllowedToDelegateTo'>-</Data><Data Name='OldUacValue'>0x0</Data><Data Name='NewUacValue'>0x15</Data><Data Name='UserAccountControl'>
		%%2080
		%%2082
		%%2084</Data><Data Name='UserParameters'>%%1792</Data><Data Name='SidHistory'>-</Data><Data Name='LogonHours'>%%1793</Data></EventData></Event>
